[   0.000000] Initializing cgroup subsys cpuset
[    0.00000] itializing cgroup subsys cpu
[    0.000000] Initializing cgrou subsys cpuacct
[    0.00000] inux vrson 44.-131-generic (buildd@lgw01-amd64-015) (gcc verson5.4.0 20160609 (Ubuntu 5.4.-6uuntu1~16.04.0)) #157-Ubuntu SP Thu ul 125:5136UTC 2018(Uunt 44.0-11.57-generc .4.34)
[    .00000] Comman lne: BOTIMAG=/oot/vmlinuz-4.0-13-genri rot=ABELloudg-rootfs ro console=tty1 console=ttyS0
[    0.000000] KEREL uported cpus:
[    0.000000]   Inel GeuineIntel
[    0.000000]   AMD AuthenticAM
[    0.000000]   Centaur CentaurHauls
[    0.000000] x86/fpu: xstate_offset[2]:  6, xsat_sizes[2]  56
[    0.000000] x86/fpu: Supporting XSAVE feature 0x01'x87flatngpoint registers'
[    0.000000] x86/fpu: Supprting XSAVE feature0x2:'SSE registers'
[    0.000000] x86/fu: Supoting XSAVE feature 0x04: 'AVX registers'
[    0.000000] x86/fpu: Enabled xstate featurs 0x7, context iz is 832 bytes, using 'standard' format.
[   0.000000] x86/fpu: Using 'eager' FPU context switches.
[    0.000000] e820: BIOS-provided physical RA map:
[    0.000000] BIOS-e820: [mem 0x0000000000000000-0x000000000009fbff] usable
[    0.000000] BIO-e20: [em 0x000000000009fc00-0x000000000009ffff] reserved
[    0.000000] BIOS-e820: [mem 0x00000000000f0000-0x00000000000fffff]eserd
[  0.000000] BIOS-e820: [mem 0x0000000000100000x0000003ffeff] usabe
[   0.000000 BOS-e820: [mem 0x000000003fff0000-0x000000003fffffff] ACPI data
[    0.0000] BOS-e20: [mem 000000000f000000-0x00000000fec00fff] reserved
[    0.000000] BIOS-e820: [mem 0x00000000fee00000-0x00000000fee00fff] reserved
[    0.000000] BIOSe80: [mem 0x0000000fffc0000-0x00000000ffffffff] reserved
[    0.000000] NX (Execute Disable) protection: active
[    0.000000] SMBIOS 2.5 present.
[   0.000000] Hypervisor detected: KVM
[    0.0000000] e820: last_pfn = 0x3fff0 max_arch_pfn = 0x400000000
[    0.000000] MTRR: Disabled
[    0.000000] x86/PAT: MTRRs disabled, skipping PAT initialization too.
[    0.000000] CPU MTRRs all blank - virualizedsystem.
[    0.00000] x86/PAT: Configuration [0-7]: WB WT  UC- U  WB  T  UC- UC  
[    0.000000] fond SMP MP-table at [em x0009fff0-0x0009ffff] mapped at [ffff8800009fff0]
[    0.000000] Scaing 1 areas for low memory corupton
   0.0000] RAMDISK: [mem x3630000-0x3717dfff]
[    0.00000] ACI: Early table checksum verification disabled
[    0.000000] ACPI:RSDP 0x00000000000E0000 000024 (v02 VBX  )
[    0.0000] CPI: XSDT 0x000000003FFF030 00003C (v01 VBOX   VBOXXSDT 00000001 ASL  00000061)
[    0.000000] ACPI: FACP 0x000000003FFF00F0 0000F4 (v04 VBOX  VBOXFACP 00000001 ASL  00000061)
[    0.000000] ACI: DSDT 0x000000003FFF0470 0021FF (v02 VBOX   VBOXBIOS 00000002 INTL 20100528)
[    0.000000] ACPI: FACS 0x000000003FFF0200 000040
[    0.00000] ACPI: FACS 0x0000000FFFF000 00040
[    0.000000 ACPI:APC x00000000FF0240 0005C (v02 VBOX   VBOXAPIC 0000001 ASL  00000061)
[    0.000000] ACPI: SSDT 0x000000003FFF02A0 0001CC (v01VBOX   VBXCPT 0000002 INTL 20100528)
[    0.000000] No NUMA confiuratin found
[    0.000000] Faking a node at [mem 0x000000000000000-0x000000003ffeffff]
[    0.000000] NODE_DATA(0) allocated [mem 0x3ffeb000-0x3ffeffff]
[    0.000000] kvm-clock: Using msrs 4b564d01 and 4b564d00
[    0.000000] kvm-cloc:: cu , msrr 0:ffe001,priary cu clock
[    0.00000] vm-clock: usin shed offet o 4805473858 ycle
[    0.000000] clocksource: kvm-clock: mask: 0xffffffffffffffff max_cycles: 0x1cd42e4dffb, max_idle_ns: 881590591483 ns
[    0.000000] Zone ranges:
[    0.000000]   DMA      [mem 0x0000000000001000-0x0000000000ffffff]
[    0.000000]   DMA32    [mem 0x00000000100000-0x00000003ffeff]
[   0.00000]   ormal   empty
[    0.00000]   Device   empty
[    0.000000] Movable zone start for each node
[    0.000000] Early memory ode range
[    0.000000]  node   0: [mem 0x0000000000001000-0x000000000009eff]
[    0.000000]   node   0: [mem0x0000000000100000-0x000000003fefff]
[    0.000000] Initmem stup node 0 [mem 0x0000000000001000-0x000000003ffeffff]
[    0.000000] ACPI: PM-Timer IO Port: 0x4008
    0000000] IOAPIC[0]:apic_id 2, versin 32 addres 0xfc0000, GSI 0-23
[   0.000000] ACI: INT_SRC_OVR (bs 0 bu_irq 0 global_irq 2 dfl dfl)
[    000000] ACPI: INT_SRC_OVR (bus 0 bus_irq 9 global_irq 9 low level)
[    0.000000] Usig CPI (MADT) for SMP confguration information
[   0.000000] smpboo: Allowing 2 CPUs, 0 hotplug CPUs
[    0.000000] PM: Registered nosave memoy: [mem 0x00000000-0x00000ff]
[   .000000] PM: Registered nosave memoy: [mem 0x0009f000-0x0009ffff]
[   0.000000] PM: Rgisered nsave memry: [mem0x000a0000-0x000effff]
[   0.00000 PM Registered nosave memory: [mem 0x000f0000-0x000fffff]
[    0.000000] e820: [mem 0x40000000-0xfebfffff] available for PCI devices
[    0.000000] Booting paravirtualized kernel on KVM
[    0.000000] clocksourc: refined-jiffies: mask: 0xfffffff ax_cycles: 0xffffffff, max_idle_ns: 764551960021568 ns
[    0.0000000] etup_percpu: R_CPUS:512nr_cpumask_bits:512 nr_cpu_ds:2 nr_node_is:1
[    0.00000] PERCPU: Embedded 34 paggs/cpu @ffff88003fc00000 s99544 r8192 d31528 u1048576
[    0.000000] PV qspinlock hash table entries: 256 (order: 0, 4096 bytes)
[    0.000000] Built 1 zonelists in Node order, mobility grouping on.  Total pages: 257912
[    0.000000] Policy zone: DMA32
[   0.000000] Kernel command line: BOOT_IMAGE=/boot/vmlinuz-4.4.0-131-generic root=LAEL=cloudmg-rootfs ro console=tty1 conole=ttyS0
[    0.000000] PID hash table entries: 4096 (orde: 3, 32768 bytes)
[    0000000] Memory: 997724K/1048120K available (8546K kernel code, 131K rwdta, 4000K rodata, 1516K init, 1316K bss, 50396K reserved,0K cma-eserved
[    0.000000] SLUB: HWalign=64, Order=0-3, MinObjects=0, CPUs=2, Nodes=1
[    0.000000] Kernel/User pae tables isoation:enabled
[    0.000000] Hierarchical RCU implementatio.
[    0.00000] 	Build-time adjustment of leaf fanout to 64.
[    0.000000] 	RCU restricting CPUs frm NRCPUS=512 to nr_cpu_iids=2.
[    0.000000] RCU: Adjusting geometry for rcu_fanout_leaf=64, nr_cpu_ids=2
[    0.000000] NR_IRQS:33024 nr_rqs:440 16
[    0.000000] Console: colour VGA+ 80x25
[    0.000000] console [tty1] enabled
[    0.000000] console [ttyS0] enabled
[    0.000000] tsc: Detected 2399.998 MHz processor
[   14.307711] Calibrating delay loop (skipped) preset value.. 4799.99 BogoMIPS (lpj=9599992)
[   14.369408] pid_max: default: 32768 minimum: 301
[   14.390986] ACPI: Core revision 20150930
[   14.473865] ACPI: 2 ACPI AML tables successfully acquired and loaded
[   14.627587] Security Framework initialized
[   14.666007] Yama: becoming mindful.
[   14.723650] AppArmor: AppArmor initialized
[   14.779275] Dentry cache hash table entries: 131072 (order: 8, 1048576 bytes)
[   14.848323] Inode-cache hash table entries: 65536 (order: 7, 524288 bytes)
[   14.923220] Mount-cache hash table entries: 2048 (order: 2, 16384 bytes)
[   14.953674] Mountpoint-cache hash table entries: 2048 (order: 2, 16384 bytes)
[   14.980839] Initializing cgroup subsys io
[   14.995336] Initializing cgroup subsys memory
[   15.001660] Initializing cgroup subsys devices
[   15.026498] Initializing cgroup subsys freezer
[   15.057703] Initializing cgroup subsys net_cls
[   15.087805] Initializing cgroup subsys perf_event
[   15.115404] Initializing cgroup subsys net_prio
[   15.156237] Initializing cgroup subsys hugetlb
[   15.211574] Initializing cgroup subsys pids
[   15.285859] CPU: Physical Processor ID: 0
[   15.383370] CPU: Processor Core ID: 0
[   15.429843] mce: CPU supports 0 MCE banks
[   15.460753] Last level iTLB entries: 4KB 1024, 2MB 1024, 4MB 1024
[   15.492792] Last level dTLB entries: 4KB 1024, 2MB 1024, 4MB 1024, 1GB 4
[   15.617429] Spectre V2 : Mitigation: Full generic retpoline
[   15.769301] Spectre V2 : Speculation control IBPB not-supported IBRS not-supported
[   15.835217] Speculative Store Bypass: Vulnerable
[   15.919116] Freeing SMP alternatives memory: 32K
[   15.992121] ftrace: allocating 32245 entries in 126 pages
[   16.219483] smpboot: APIC(0) Converting physical 0 to logical package 0
[   16.260935] smpboot: Max logical packages: 1
[   16.266710] x2apic enabled
[   16.288272] Switched APIC routing to physical x2apic.
[   16.323799] ..TIMER: vector=0x30 apic1=0 pin1=2 apic2=-1 pin2=-1
[   16.463414] APIC calibration not consistent with PM-Timer: 101ms instead of 100ms
[   16.500683] APIC delta adjusted to PM-Timer: 6229233 (6296198)
[   16.528464] smpboot: CPU0: Intel(R) Core(TM) i5-4258U CPU @ 2.40GHz (family: 0x6, model: 0x45, stepping: 0x1)
[   16.582574] Performance Events: unsupported p6 CPU model 69 no PMU driver, software events only.
[   16.607820] KVM setup paravirtual spinlock
[   16.613592] x86: Booting SMP configuration:
[   16.618895] .... node  #0, CPUs:      #1
[   16.629243] kvm-clock: cpu 1, msr 0:3ffe3041, secondary cpu clock
[   16.796212] mce: CPU supports 0 MCE banks
[   16.926669] x86: Booted up 1 node, 2 CPUs
[   16.969248] smpboot: Total of 2 processors activated (9599.99 BogoMIPS)
[   17.009060] devtmpfs: initialized
[   17.030117] evm: security.selinux
[   17.110044] evm: security.SMACK64
[   17.188176] evm: security.SMACK64EXEC
[   17.276478] evm: security.SMACK64TRANSMUTE
[   17.358544] evm: security.SMACK64MMAP
[   17.373402] evm: security.ima
[   17.417059] evm: security.capability
[   17.437231] clocksource: jiffies: mask: 0xffffffff max_cycles: 0xffffffff, max_idle_ns: 7645041785100000 ns
[   17.489553] futex hash table entries: 512 (order: 3, 32768 bytes)
[   17.517552] pinctrl core: initialized pinctrl subsystem
[   17.559153] RTC time: 12:26:00, date: 08/09/18
[   17.598887] NET: Registered protocol family 16
[   17.614512] cpuidle: using governor ladder
[   17.657574] cpuidle: using governor menu
[   17.673944] PCCT header not found.
[   17.698357] ACPI: bus type PCI registered
[   17.750201] acpiphp: ACPI Hot Plug PCI Controller Driver version: 0.5
[   17.922725] PCI: Using configuration type 1 for base access
[   17.990223] ACPI: Added _OSI(Module Device)
[   18.009519] ACPI: Added _OSI(Processor Device)
[   18.032109] ACPI: Added _OSI(3.0 _SCP Extensions)
[   18.064881] ACPI: Added _OSI(Processor Aggregator Device)
[   18.093041] ACPI: Executed 1 blocks of module-level executable AML code
[   18.126158] ACPI: Interpreter enabled
[   18.131542] ACPI: (supports S0 S5)
[   18.146054] ACPI: Using IOAPIC for interrupt routing
[   18.180090] PCI: Using host bridge windows from ACPI; if necessary, use "pci=nocrs" and report a bug
[   18.300480] ACPI: PCI Root Bridge [PCI0] (domain 0000 [bus 00-ff])
[   18.344184] acpi PNP0A03:00: _OSC: OS supports [ASPM ClockPM Segments MSI]
[   18.439986] acpi PNP0A03:00: _OSC: not requesting OS control; OS requires [ExtendedConfig ASPM ClockPM MSI]
[   18.666802] acpi PNP0A03:00: fail to add MMCONFIG information, can't access extended PCI configuration space under this bridge.
[   18.744062] PCI host bridge to bus 0000:00
[   18.771448] pci_bus 0000:00: root bus resource [io  0x0000-0x0cf7 window]
[   18.858598] pci_bus 0000:00: root bus resource [io  0x0d00-0xffff window]
[   18.930875] pci_bus 0000:00: root bus resource [mem 0x000a0000-0x000bffff window]
[   18.970761] pci_bus 0000:00: root bus resource [mem 0x40000000-0xfdffffff window]
[   18.998806] pci_bus 0000:00: root bus resource [bus 00-ff]
[   19.067090] pci 0000:00:01.1: legacy IDE quirk: reg 0x10: [io  0x01f0-0x01f7]
[   19.092166] pci 0000:00:01.1: legacy IDE quirk: reg 0x14: [io  0x03f6]
[   19.122532] pci 0000:00:01.1: legacy IDE quirk: reg 0x18: [io  0x0170-0x0177]
[   19.144497] pci 0000:00:01.1: legacy IDE quirk: reg 0x1c: [io  0x0376]
[   19.205772] pci 0000:00:07.0: quirk: [io  0x4000-0x403f] claimed by PIIX4 ACPI
[   19.253827] pci 0000:00:07.0: quirk: [io  0x4100-0x410f] claimed by PIIX4 SMB
[   19.312295] ACPI: PCI Interrupt Link [LNKA] (IRQs 5 9 10 *11)
[   19.361871] ACPI: PCI Interrupt Link [LNKB] (IRQs 5 9 *10 11)
[   19.391876] ACPI: PCI Interrupt Link [LNKC] (IRQs 5 *9 10 11)
[   19.403495] ACPI: PCI Interrupt Link [LNKD] (IRQs 5 9 10 *11)
[   19.422630] ACPI: Enabled 2 GPEs in block 00 to 07
[   19.440631] vgaarb: setting as boot device: PCI:0000:00:02.0
[   19.475594] vgaarb: device added: PCI:0000:00:02.0,decodes=io+mem,owns=io+mem,locks=none
[   19.506208] vgaarb: loaded
[   19.511881] vgaarb: bridge control possible 0000:00:02.0
[   19.524797] SCSI subsystem initialized
[   19.559669] ACPI: bus type USB registered
[   19.609203] usbcore: registered new interface driver usbfs
[   19.614333] usbcore: registered new interface driver hub
[   19.633279] usbcore: registered new device driver usb
[   19.700811] PCI: Using ACPI for IRQ routing
[   19.734946] NetLabel: Initializing
[   19.798422] NetLabel:  domain hash size = 128
[   19.822386] NetLabel:  protocols = UNLABELED CIPSOv4
[   19.888464] NetLabel:  unlabeled traffic allowed by default
[   19.914667] amd_nb: Cannot enumerate AMD northbridges
[   20.003580] clocksource: Switched to clocksource kvm-clock
[   20.113514] AppArmor: AppArmorFilesystem Enabled
[   2.278128] pnp: PnP ACPI init
[  23647 pnp: PnAC: un 3devices
[   21.247757] clocksource: acpi_pm: mask: 0xffffff max_cycles: 0xffffff, max_idle_ns: 2085701024 ns
[   21.314672] NET: Registered protocol family 2
[   21.395017] TCP established hash table entries: 8192 (order: 4, 65536 bytes)
[   21.442393] TCP bind hash table entries: 8192 (order: 5, 131072 bytes)
[   21.477886] TCP: Hash tables configured (established 8192 bind 8192)
[   21.523207] UDP hash table entries: 512 (order: 2, 16384 bytes)
[   21.604755] UDP-Lite hash table entries: 512 (order: 2, 16384 bytes)
[   21.740507] NET: Registered protocol family 1
[   21.809734] pci 0000:00:00.0: Limiting direct PCI/PCI transfers
[   21.854946] pci 0000:00:01.0: Activating ISA DMA hang workarounds
[   21.877471] Unpacking initramfs...
[   23.183442] Freeing initrd memory: 14792K
[   23.209844] RAPL PMU detected, API unit is 2^-32 Joules, 4 fixed counters 10737418240 ms ovfl timer
[   23.279274] hw unit of domain pp0-core 2^-0 Joules
[   23.333880] hw unit of domain package 2^-0 Joules
[   23.365313] hw unit of domain dram 2^-0 Joules
[   23.372406] hw unit of domain pp1-gpu 2^-0 Joules
[   23.438563] platform rtc_cmos: registered platform RTC device (no PNP device found)
[   23.5353] Scannin for low memry corruptio eevery 6 sconds

[   24.408155] audit: initializing netlink subsys (disabled)
[   24.469796] audit: type=2000 audit(1533817555.421:1): initialized
[   24.519511] Initialise system trusted keyring
[   24.558911] HugeTLB registered 2 MB page size, pre-allocated 0 pages
[   24.573504] tsc: Refined TSC clocksource calibration: 2399.850 MHz
[   24.573509] clocksource: tsc: mask: 0xffffffffffffffff max_cycles: 0x2297a9c48de, max_idle_ns: 440795309351 ns
[   24.731952] zbud: loaded
[   24.761850] VFS: Disk quotas dquot_6.6.0
[   24.809663] VFS: Dquot-cache hash table entries: 512 (order 0, 4096 bytes)
[   24.869050] squashfs: version 4.0 (2009/01/31) Phillip Lougher
[   24.927725] fuse init (API version 7.23)
[   24.941432] Key type big_key registered
[   24.965257] Allocating IMA MOK and blacklist keyrings.
[   24.995073] Key type asymmetric registered
[   25.009727] Asymmetric key parser 'x509' registered
[   25.060815] Block layer SCSI generic (bsg) driver version 0.4 loaded (major 249)
[   25.1374]ioscheduler noop registered
[   25.589910] io scheduler deadline registered (default)
[   25.597497] io scheduler cfq registered
[   25.607808] pci_hotplug: PCI Hot Plug PCI Core version: 0.5
[  25.63948] pcieh: CI Express Hot Plug Controlr ivr erio: .4

[   26.735393] ACPI: AC Adaper AC (off-ine)
[   27.19442] inpt:Power Butto a /vice/LXSST:00/LNXPWRBN:00/nput/iput0

[   28.405602] ACPI: Power Buton [PWRF][  28.648973] input: Sleep Button as /devices/LNXSYSTM:00/LNXSLPBN:/iput/input1
[  292918] API: Sleep Button [SLPF]
[   29.280981] GHES: HEST is not enaed!
  29.2849] ACI: Batty Slot [BAT0] (battery pren)
[   30.120902] Serial: 8250/16550 driver, 32 ports, IRQ sharing enabled
[   30.201981] 00:02: ttyS0 at I/O 0x3f8 (irq = 4, base_baud = 115200) is a 16550A
[   30.242734] Linux agpgart interface v0.103
[   30.293006] loop: module loaded
[   30.325997] scsi host0: ata_piix
[   30.341653] scsi host1: ata_piix
[   30.346287] ata1: PATA max UDMA/33 cmd 0x1f0 ctl 0x3f6 bmdma 0xd000 irq 14
[   30.374308] ata2: PATA max UDMA/33 cmd 0x170 ctl 0x376 bmdma 0xd008 irq 15
[   30.398623] libphy: Fixed MDIO Bus: probed
[   30.419751] tun: Universal TUN/TAP device driver, 1.6
[   30.439944] tun: (C) 1999-2004 Max Krasnyansky <maxk@qualcomm.com>
[   30.567060] PPP generic driver version 2.4.2
[   30.639864] ehci_hcd: USB 2.0 'Enhanced' Host Controller (EHCI) Driver
[   30.777911] ehci-pci: EHCI PCI platform driver
[   30.803977] ehci-platform: EHCI generic platform driver
[   30.811909] ohci_hcd: USB 1.1 'Open' Host Controller (OHCI) Driver
[   30.831634] ohci-pci: OHCI PCI platform driver
[   30.855858] ohci-platform: OHCI generic platform driver
[   30.869282] uhci_hcd: USB Universal Host Controller Interface driver
[   30.873568] i8042: PNP: PS/2 Controller [PNP0303:PS2K,PNP0f03:PS2M] at 0x60,0x64 irq 1,12
[   30.895532] serio: i8042 KBD port at 0x60,0x64 irq 1
[   30.922090] serio: i8042 AUX port at 0x60,0x64 irq 12
[   30.929609] mousedev: PS/2 mouse device common for all mice
[   30.958106] rtc_cmos rtc_cmos: rtc core: registered rtc_cmos as rtc0
[   30.973468] rtc_cmos rtc_cmos: alarms up to one day, 114 bytes nvram
[   30.990254] input: AT Translated Set 2 keyboard as /devices/platform/i8042/serio0/input/input2
[   31.007498] i2c /dev entries driver
[   3.025834] device-mapper: uevent: version 1.0.3
[   31.280741] device-mapper: ioctl: 4.34.0-ioctl (2015-10-28) initialised: dm-devel@redhat.com
[   31.329796] ledtrig-cpu: registered to indicate activity on CPUs
[   31.370757] NET: Registered protocol family 10
[   31.377650] NET: Registered protocol family 17
[   31.394302] Key type dns_resolver registered
[   31.428567] registered taskstats version 1
[   31.445723] Loading compiled-in X.509 certificates
[   31.497694] Loaded X.509 cert 'Build time autogenerated kernel key: 8f274abdf49cd12572c1533a34d1eafea768213f'
[   31.690796] zswap: loaded using pool lzo/zbud
[   31.733296] Key type trusted registered
[   31.763030] Key type encrypted registered
[   31.796668] AppArmor: AppArmor sha1 policy hashing enabled
[   31.880825] ima: No TPM chip found, activating TPM-bypass!
[   31.945364] ima: Allocated hash algorithm: sha1
[   31.972718] evm: HMAC attrs: 0x1
[   31.995800]   Magic number: 14:334:430
[   32.002516] rtc_cmos rtc_cmos: setting system clock to 2018-08-09 12:26:14 UTC (1533817574)
[   32.014465] BIOS EDD facility v0.16 2004-Jun-25, 0 devices found
[   32.025679] EDD information not available.
[   32.049865] Freeing unused kernel memory: 1516K
[   32.076371] Write protecting the kernel read-only data: 14336k
[   32.106840] Freeing unused kernel memory: 1680K
[   32.575518] Freeing unused kernel memory: 96K
Loading, please wait...
starting version[   33.340812] random: systemd-udevd: uninitialized urandom read (16 bytes read, 5 bits of entropy available)
 229
[   33.342817] random: udevadm: uninitialized urandom read (16 bytes read, 5 bits of entropy available)
[   33.342884] random: udevadm: uninitialized urandom read (16 bytes read, 5 bits of entropy available)
[   33.377664] random: udevadm: uninitialized urandom read (16 bytes read, 5 bits of entropy available)
[   33.377788] random: udevadm: uninitialized urandom read (16 bytes read, 5 bits of entropy available)
[   33.378211] random: udevadm: uninitialized urandom read (16 bytes read, 5 bits of entropy available)
[   33.378374] random: udevadm: uninitialized urandom read (16 bytes read, 5 bits of entropy available)
[   33.378713] random: udevadm: uninitialized urandom read (16 bytes read, 5 bits of entropy available)
[   33.378916] random: udevadm: uninitialized urandom read (16 bytes read, 5 bits of entropy available)
[   33.379122] random: udevadm: uninitialized urandom read (16 bytes read, 5 bits of entropy available)
[   34.047249] e1000: Intel(R) PRO/1000 Network Driver - version 7.3.21-k8-NAPI
[   34.104128] e1000: Copyright (c) 1999-2006 Intel Corporation.
[   34.265955] AVX2 version of gcm_enc/dec engaged.
[   34.272599] AES CTR mode by8 optimization enabled
[   34.333889] Fusion MPT base driver 3.04.20
[   34.352778] Copyright (c) 1999-2008 LSI Corporation
[   34.376988] Fusion MPT SPI Host driver 3.04.20
[   34.605123] input: ImExPS/2 Generic Explorer Mouse as /devices/platform/i8042/serio1/input/input4
[   35.356808] e1000 0000:00:03.0 eth0: (PCI:33MHz:32-bit) 02:54:ad:ea:60:2e
[   35.404274] e1000 0000:00:03.0 eth0: Intel(R) PRO/1000 Network Connection
[   35.474006] mptbase: ioc0: Initiating bringup
[   35.501599] e1000 0000:00:03.0 enp0s3: renamed from eth0
[   35.578998] ioc0: LSI53C1030 A0: Capabilities={Initiator}
[   36.470073] scsi host2: ioc0: LSI53C1030 A0, FwRev=00000000h, Ports=1, MaxQ=256, IRQ=20
[   36.701824] scsi 2:0:0:0: Direct-Access     VBOX     HARDDISK         1.0  PQ: 0 ANSI: 5
[   36.829045] scsi target2:0:0: Beginning Domain Validation
[   36.868146] scsi target2:0:0: Domain Validation skipping write tests
[   36.895216] scsi target2:0:0: Ending Domain Validation
[   36.909993] scsi target2:0:0: asynchronous
[   36.934005] scsi 2:0:1:0: Direct-Access     VBOX     HARDDISK         1.0  PQ: 0 ANSI: 5
[   37.370358] scsi target2:0:1: Beginning Domain Validation
[   37.401687] scsi target2:0:1: Domain Validation skipping write tests
[   38.352806] scsi target2:0:1: Ending Domain Validation
[   38.398229] scsi target2:0:1: asynchronous
[   38.552153] sd 2:0:0:0: Attached scsi generic sg0 type 0
[   38.578961] sd 2:0:0:0: [sda] 20971520 512-byte logical blocks: (10.7 GB/10.0 GiB)
[   38.651571] sd 2:0:0:0: [sda] Write Protect is off
[   38.653090] sd 2:0:1:0: [sdb] 20480 512-byte logical blocks: (10.5 MB/10.0 MiB)
[   38.653843] sd 2:0:1:0: [sdb] Write Protect is off
[   38.654597] sd 2:0:1:0: [sdb] Incomplete mode parameter data
[   38.654601] sd 2:0:1:0: [sdb] Assuming drive cache: write through
[   38.686236] sd 2:0:1:0: Attached scsi generic sg1 type 0
[   38.702990] sd 2:0:1:0: [sdb] Attached SCSI disk
[   39.321519] sd 2:0:0:0: [sda] Incomplete mode parameter data
[   39.344571] sd 2:0:0:0: [sda] Assuming drive cache: write through
[   39.393942]  sda: sda1
[   39.426807] sd 2:0:0:0: [sda] Attached SCSI disk
Begin: Loading essential drivers ... [   42.012053] md: linear personality registered for level -1
[   42.060974] md: multipath personality registered for level -4
[   42.112240] md: raid0 personality registered for level 0
[   42.167905] md: raid1 personality registered for level 1
[   42.351695] raid6: sse2x1   gen()  1475 MB/s
[   42.549250] raid6: sse2x1   xor()   366 MB/s
[   42.759991] raid6: sse2x2   gen()  1035 MB/s
[   42.872081] raid6: sse2x2   xor()  1000 MB/s
[   43.023659] raid6: sse2x4   gen()  1999 MB/s
[   43.132084] raid6: sse2x4   xor()  1288 MB/s
[   43.223779] raid6: avx2x1   gen()  1461 MB/s
[   43.341994] raid6: avx2x2   gen()  1690 MB/s
[   43.520251] raid6: avx2x4   gen()  1616 MB/s
[   43.681201] raid6: using algorithm sse2x4 gen() 1999 MB/s
[   43.825171] raid6: .... xor() 1288 MB/s, rmw enabled
[   43.881960] raid6: using avx2x2 recovery algorithm
[   43.929329] xor: automatically using best checksumming function:
[   44.111757]    avx       :  7814.000 MB/sec
[   44.171269] async_tx: api initialized (async)
[   44.250743] md: raid6 personality registered for level 6
[   44.338432] md: raid5 personality registered for level 5
[   44.373326] md: raid4 personality registered for level 4
[   44.489711] md: raid10 personality registered for level 10
done.
Begin: Running /scripts/init-premount ... done.
Begin: Mounting root file system ... Begin: Running /scripts/local-top .[   44.886272] Btrfs loaded
.. done.
Begin: Running /scripts/local-premount ... Scanning for Btrfs filesystems
done.
Warning: fsck no[   45.330673] EXT4-fs (sda1): INFO: recovery required on readonly filesystem
t present, so sk[   45.459559] EXT4-fs (sda1): write access will be enabled during recovery
ipping root file system
[   45.628528] EXT4-fs (sda1): recovery complete
[   45.720777] EXT4-fs (sda1): mounted filesystem with ordered data mode. Opts: (null)
done.
Begin: Running /scripts/local-bottom ... done.
Begin: Running /scripts/init-bottom ... done.
[   46.405971] systemd[1]: systemd 229 running in system mode. (+PAM +AUDIT +SELINUX +IMA +APPARMOR +SMACK +SYSVINIT +UTMP +LIBCRYPTSETUP +GCRYPT +GNUTLS +ACL +XZ -LZ4 +SECCOMP +BLKID +ELFUTILS +KMOD -IDN)
[   46.512894] systemd[1]: Detected virtualization oracle.
[   46.559111] systemd[1]: Detected architecture x86-64.

Welcome to [1mUbuntu 16.04.5 LTS[0m!

[   46.711288] random: nonblocking pool is initialized
[   46.728549] systemd[1]: Set hostname to <ubuntu-xenial>.
[  4.3211] systemd[1]: Listeinon Journal Socket (/dev/log).
[[0;32m  OK  [0m] Listening on Journal Socket (/dev/log).
[   48238394] sysem1] St upauomunArtry xecutale File Formats File System AutomountPont.

[[0;32m  OK  [0m] Set up automount Arbitrary Executab...ats File System Automount Point.
[   49.5442] sstmd1]: Reached targt wa.
[[0;32m  OK  [0m] Reached target Swap.
[   5.161596] systemd[1]: Reached target User and Group Name Lookups.
[[0;32m  OK  [0m] Reached target User and Group Name Lookups.
[   50.549014] systed[1]: Creed slice System Sli.
[[0;32m  OK  [0m] Created slice System Slice.
[   510053] sytemd1] Cat slice ysemseiax2getty.slice.
[[0;32m  OK  [0m] Created slice system-serial\x2dgetty.slice.
[   52.248768] syted[]: Listing n evice-mapper event daemon FIFOs.
[[0;32m  OK  [0m] Listening on Device-mapper event daemon FIFOs.
[   53.233801 systmd]: Reached targe EryteVomes
[[0;32m  OK  [0m] Reached target Encrypted Volumes.
[   54.29921] ysmd[1]: Reahe trgt Systemime Synchrnized.
[[0;32m  OK  [0m] Reached target System Time Synchronized.
[  55.6332] systemd[1]: Litengonudv onolSocet

[[0;32m  OK  [0m] Listening on udev Control Socket.
[   56.16189] systmd]: Listening onJona Ske
[[0;32m  OK  [0m] Listening on Journal Socket.
[   57.264297] systemd[1]: Starting Load Kernel Modules...
         Starting Load Kernel Modules...
[   57.346577] Loading iSCSI transport class v2.0-870.
[   57.381113] systemd[1]: Mounting POSIX Message Queue File System...
         Mounting POSIX Message Queue File System...
[   57.562174] systemd[1]: Started Forward Password Requests to Wall Directory Watch.
[[0;32m  OK  [0m] Started Forward Password Requ[   57.649834] iscsi: registered transport (tcp)
ests to Wall Directory Watch.
[   57.708891] systemd[1]: Starting Uncomplicated firewall...
         Starting Uncomplicated firewall.[   57.860407] iscsi: registered transport (iser)
..
[   57.945265] systemd[1]: Listening on LVM2 poll daemon socket.
[[0;32m  OK  [0m] Listening on LVM2 poll daemon socket.
[ 58.0915] systemd]: LstningonSylo Socet
[[0;32m  OK  [0m] Listening on Syslog Socket.
[   59.052140] systemd[1]: Starting Nameserver information manager...
         Starting Nameserver information manager...
[   59.1128] sstd[]:Crteslice seanSesi Sce
[[0;32m  OK  [0m] Created slice User and Session Slice.
[  60.221506 ste[1 Lteninonudev Keelocket.
[[0;32m  OK  [0m] Listening on udev Kernel Socket.
[   61.486] ystemd[1: Started Tigeresvcf da fr tworkd DNS.
[[0;32m  OK  [0m] Started Trigger resolvconf update for networkd DNS.
[   62.336135] systemd[1]: Mounting Debug File System...
         Mounting Debug File System...
[  62.116] system[1: sting on LVM2 etata daen cket.
[[0;32m  OK  [0m] Listening on LVM2 metadata daemon socket.
[   63.276238] systemd[1]: Starting Monitoring of LVM2 mirrors, snapshots etc. using dmeventd or progress polling...
         Starting Monitoring of LVM2 mirrors... dmeventd or progress polling...
[   63.396325] systemd[1]: Reached target Slices.
[[0;32m  OK  [0m] Reached target Slices.
[   63.508343] systemd[1]: Starting Remount Root and Kernel File Systems...
[   63.523289] EXT4-fs (sda1): re-mounted. Opts: (null)
         Starting Remount Root and Kernel File Systems...
[   63.700286] systemd[1]: Listening on Journal Audit Socket.
[[0;32m  OK  [0m] Listening on Journal Audit Socket.
[   63.840501] systemd[1]: Starting Set console keymap...
         Starting Set console keymap...
[   63.989878] systemd[1]: Mounting Huge Pages File System...
         Mounting Huge Pages File System...
[   64.064863] systemd[1]: Starting Create list of required static device nodes for the current kernel...
         Starting Create list of required st... nodes for the current kernel...
[   64.146917] systemd[1]: Listening on /dev/initctl Compatibility Named Pipe.
[[0;32m  OK  [0m] Listening on /dev/initctl Compatibility Named Pipe.
[   64.289318] systemd[1]: Starting Journal Service...
         Starting Journal Service...
[   64.369281] systemd[1]: Mounted Debug File System.
[[0;32m  OK  [0m] Mounted Debug File System.
[   64.408268] systemd[1]: Mounted POSIX Message Queue File System.
[[0;32m  OK  [0m] Mounted POSIX Message Queue File System.
[   64.512447] systemd[1]: Mounted Huge Pages File System.
[[0;32m  OK  [0m] Mounted Huge Pages File System.
[   64.550575] systemd[1]: Started Journal Service.
[[0;32m  OK  [0m] Started Journal Service.
[[0;32m  OK  [0m] Started Load Kernel Modules.
[[0;32m  OK  [0m] Started Uncomplicated firewall.
[[0;32m  OK  [0m] Started Remount Root and Kernel File Systems.
[[0;32m  OK  [0m] Started Set console keymap.
[[0;32m  OK  [0m] Started Create list of required sta...ce nodes for the current kernel.
[[0;32m  OK  [0m] Started Nameserver information manager.
[[0;32m  OK  [0m] Started LVM2 metadata daemon.
         Starting Create Static Device Nodes in /dev...
         Starting Load/Save Random Seed...
         Starting udev Coldplug all Devices...
         Starting Apply Kernel Variables...
         Mounting FUSE Control File System...
         Starting Flush Journal to Persistent Storage...
[[0;32m  OK  [0m] Mounted FUSE Control File System.
[[0;32m  OK  [0m] Started Create Static Device Nodes in /dev.
[[0;32m  OK  [0m] Started Monitoring of LVM2 mirrors,...ng dmeventd or progress polling.
[[0;32m  OK  [0m] Started Load/Save Random Seed.
[[0;32m  OK  [0m] Started Apply Kernel Variables.
[[0;32m  OK  [0m] Started udev Coldplug all Devices.
         Starting udev Kernel Device Manager...
[[0;32m  OK  [0m] Started Flush Journal to Persistent Storage.
[[0;32m  OK  [0m] Started udev Kernel Device Manager.
[[0;32m  OK  [0m] Reached target Local File Systems (Pre).
[[0;32m  OK  [0m] Reached target Local File Systems.
         Starting Initial cloud-init job (pre-networking)...
         Starting Set console font and keymap...
         Starting Tell Plymouth To Write Out Runtime Data...
         Starting LSB: AppArmor initialization...
[[0;32m  OK  [0m] Started Dispatch Password Requests to Console Directory Watch.
         Starting Create Volatile Files and Directories...
[[0;32m  OK  [0m] Started Tell Plymouth To Write Out Runtime Data.
[[0;32m  OK  [0m] Started Create Volatile Files and Directories.
[[0;32m  OK  [0m] Found device /dev/ttyS0.
[[0;32m  OK  [0m] Listening on Load/Save RF Kill Switch Status /dev/rfkill Watch.
         Starting Update UTMP about System Boot/Shutdown...
[[0;32m  OK  [0m] Started LSB: AppArmor initialization.
[[0;32m  OK  [0m] Started Update UTMP about System Boot/Shutdown.
[[0;32m  OK  [0m] Started Set console font and keymap.
[[0;32m  OK  [0m] Found device 82540EM Gigabit Ethern...r (PRO/1000 MT Desktop Adapter).
[[0;32m  OK  [0m] Created slice system-getty.slice.
[   51.505188] cloud-init[483]: Cloud-init v. 18.3-9-g2e62cb8a-0ubuntu1~16.04.2 running 'init-local' at Thu, 09 Aug 2018 12:26:51 +0000. Up 50.64 seconds.
[[0;32m  OK  [0m] Started Initial cloud-init job (pre-networking).
[[0;32m  OK  [0m] Reached target Network (Pre).
         Starting Raise network interfaces...
[[0;32m  OK  [0m] Started ifup for enp0s3.
[[0;32m  OK  [0m] Started Raise network interfaces.
         Starting Initial cloud-init job (metadata service crawler)...
[[0;32m  OK  [0m] Reached target Network.
[   53.815578] cloud-init[963]: Cloud-init v. 18.3-9-g2e62cb8a-0ubuntu1~16.04.2 running 'init' at Thu, 09 Aug 2018 12:26:54 +0000. Up 53.30 seconds.
[   53.868797] cloud-init[963]: ci-info: ++++++++++++++++++++++++++++++++++++++Net device info++++++++++++++++++++++++++++++++++++++
[   53.929585] cloud-init[963]: ci-info: +--------+------+----------------------------+---------------+--------+-------------------+
[   54.010120] [[0;32m  OK  [0m] Started Initial cloud-init job (metadata service crawler).
cloud-init[963]: ci-info: | Device |  Up  |          Address           |      Mask     | Scope  |     Hw-Address    |
[   54.180699] [cloud-init[0;32m  OK  [0m[963]: ] ci-info: +--------+------+----------------------------+---------------+--------+-------------------+Reached target System Initialization.

[   54.335101] [[0;32m  OK  [0m] Started ACPI Events Check.
cloud-init[963]: ci-info: | enp0s3 | True |         10.0.2.15          | 255.255.255.0 | global | 02:54:ad:ea:60:2e |
[   54.461280] [cloud-init[0;32m  OK  [0m[963]: ] ci-info: | enp0s3 | True | fe80::54:adff:feea:602e/64 |       .       |  link  | 02:54:ad:ea:60:2e |Reached target Paths.

[   54.462995] cloud-init[963]: ci-info: |   lo   | True |         127.0.0.1          |   255.0.0.0   |  host  |         .         |
[[0;32m  OK  [0m] Started Daily apt download activities.
[[0;32m  OK  [0m] Started Daily apt upgrade and clean activities.
[[0;32m  OK  [0m] Started Daily Cleanup of Temporary Directories.
[   54.715865] cloud-init[963]: ci-info: |   lo   | True |          ::1/128           |       .       |  host  |         .         |
[   55.085144] [cloud-init[0;32m  OK  [0m[963]: ] ci-info: +--------+------+----------------------------+---------------+--------+-------------------+Listening on UUID daemon activation socket.

[   55.086963] [cloud-init[0;32m  OK  [0m[963]: ] ci-info: +++++++++++++++++++++++++++Route IPv4 info++++++++++++++++++++++++++++Listening on ACPID Listen Socket.

[   55.349197] [cloud-init[0;32m  OK  [0m[963]: ] ci-info: +-------+-------------+----------+---------------+-----------+-------+Reached target Timers.

[   55.401010] [cloud-init[0;32m  OK  [0m[963]: ] ci-info: | Route | Destination | Gateway  |    Genmask    | Interface | Flags |Listening on D-Bus System Message Bus Socket.

[   55.402543]          cloud-initStarting Socket activation for snappy daemon.[963]: 
ci-info: +-------+-------------+----------+---------------+-----------+-------+
[   55.668881]          cloud-initStarting LXD - unix socket.[963]: 
ci-info: |   0   |   0.0.0.0   | 10.0.2.2 |    0.0.0.0    |   enp0s3  |   UG  |
[   55.765020] [cloud-init[0;32m  OK  [0m[963]: ] ci-info: |   1   |   10.0.2.0  | 0.0.0.0  | 255.255.255.0 |   enp0s3  |   U   |Reached target Network is Online.

[   55.914609]          cloud-initStarting iSCSI initiator daemon (iscsid)...[963]: 
ci-info: +-------+-------------+----------+---------------+-----------+-------+
[   56.081051] [cloud-init[0;32m  OK  [0m[963]: ] ci-info: +++++++++++++++++++Route IPv6 info+++++++++++++++++++Reached target Cloud-config availability.

[   56.082227] cloud-init[963]: ci-info: +-------+-------------+---------+-----------+-------+
[   56.264667] [cloud-init[0;32m  OK  [0m[963]: ] ci-info: | Route | Destination | Gateway | Interface | Flags |Listening on Socket activation for snappy daemon.

[[0;32m  OK  [0m] Listening on LXD - unix socket.
[   56.265661] cloud-init[963]: ci-info: +-------+-------------+---------+-----------+-------+
[   56.421190] [cloud-init[0;32m  OK  [0m[963]: ] ci-info: |   0   |  fe80::/64  |    ::   |   enp0s3  |   U   |Started iSCSI initiator daemon (iscsid).

[   56.533217] cloud-init[963]: ci-info: |   3   |   ff00::/8  |    ::   |   enp0s3  |   U   |
         Starting Login to default iSCSI targets...
[[0;32m  OK  [0m] Reached target Sockets.
[[0;32m  OK  [0m] Reached target Basic System.
[   56.607592] cloud-init[963]: ci-info: +-------+-------------+---------+-----------+-------+
         Starting LSB: Record successful boot for GRUB...
         Starting Accounts Service...
         Starting LSB: MD monitoring daemon...
         Starting System Logging Service...
         Starting LXD - container startup/shutdown...
[[0;32m  OK  [0m] Started Regular background program processing daemon.
[[0;32m  OK  [0m] Started FUSE filesystem for LXC.
[[0;32m  OK  [0m] Started Deferred execution scheduler.
         Starting Login Service...
         Starting /etc/rc.local Compatibility...
         Starting Virtualbox guest utils...
         Starting Pollinate to seed the pseudo random number generator...
[[0;32m  OK  [0m] Started ACPI event daemon.
[[0;32m  OK  [0m] Started D-Bus System Message Bus.
[[0;32m  OK  [0m] Started Unattended Upgrades Shutdown.
         Starting Snappy daemon...
[[0;32m  OK  [0m] Started System Logging Service.
[[0;32m  OK  [0m] Started LXD - container startup/shutdown.
[[0;32m  OK  [0m] Started /etc/rc.local Compatibility.
[[0;32m  OK  [0m] Started LSB: Record successful boot for GRUB.
[[0;32m  OK  [0m] Started LSB: MD monitoring daemon.
[[0;32m  OK  [0m] Started Login to default iSCSI targets.
[[0;32m  OK  [0m] Started Snappy daemon.
[[0;32m  OK  [0m] Started Login Service.
[[0;32m  OK  [0m] Started Virtualbox guest utils.
         Starting Authenticate and Authorize Users to Run Privileged Tasks...
         Starting Wait until snapd is fully seeded...
[[0;32m  OK  [0m] Reached target Remote File Systems (Pre).
[[0;32m  OK  [0m] Reached target Remote File Systems.
         Starting LSB: daemon to balance interrupts for SMP systems...
         Starting LSB: Set the CPU Frequency Scaling governor to "ondemand"...
         Starting LSB: automatic crash report generation...
         Starting Permit User Sessions...
[[0;32m  OK  [0m] Started Wait until snapd is fully seeded.
[[0;32m  OK  [0m] Started Permit User Sessions.
[[0;32m  OK  [0m] Started Authenticate and Authorize Users to Run Privileged Tasks.
[[0;32m  OK  [0m] Started Accounts Service.
[[0;32m  OK  [0m] Started LSB: Set the CPU Frequency Scaling governor to "ondemand".
[[0;32m  OK  [0m] Started LSB: daemon to balance interrupts for SMP systems.
         Starting Hold until boot process finishes up...
         Starting Terminate Plymouth Boot Screen...
         Starting Apply the settings specified in cloud-config...
[[0;32m  OK  [0m] Started LSB: automatic crash report generation.
[[0;32m  OK  [0m] Started Hold until boot process finishes up.
[[0;32m  OK  [0m] Started Terminate Plymouth Boot Screen.
[[0;32m  OK  [0m] Started Getty on tty1.
[[0;32m  OK  [0m] Started Serial Getty on ttyS0.
[[0;32m  OK  [0m] Reached target Login Prompts.
         Starting Set console scheme...
[[0;32m  OK  [0m] Started Set console scheme.
[   62.085967] cloud-init[1219]: Cloud-init v. 18.3-9-g2e62cb8a-0ubuntu1~16.04.2 running 'modules:config' at Thu, 09 Aug 2018 12:27:02 +0000. Up 61.36 seconds.
[[0;32m  OK  [0m] Started Apply the settings specified in cloud-config.

Ubuntu 16.04.5 LTS ubuntu-xenial ttyS0

ubuntu-xenial login: [   70.997754] cloud-init[1247]: Cloud-init v. 18.3-9-g2e62cb8a-0ubuntu1~16.04.2 running 'modules:final' at Thu, 09 Aug 2018 12:27:11 +0000. Up 70.29 seconds.
[   71.001840] cloud-init[1247]: Cloud-init v. 18.3-9-g2e62cb8a-0ubuntu1~16.04.2 finished at Thu, 09 Aug 2018 12:27:11 +0000. Datasource DataSourceNoCloud [seed=/dev/sdb][dsmode=net].  Up 70.94 seconds
